TN:
SF:src/config/supabase.js
FN:15,testConnection
FNF:1
FNH:0
FNDA:0,testConnection
DA:1,0
DA:4,0
DA:16,0
DA:17,0
DA:22,0
DA:23,0
DA:25,0
DA:28,0
DA:33,0
DA:35,0
LF:10
LH:0
BRDA:22,0,0,0
BRDA:22,0,1,0
BRF:2
BRH:0
end_of_record
TN:
SF:src/routes/healthRoutes.js
FN:4,(anonymous_0)
FNF:1
FNH:0
FNDA:0,(anonymous_0)
DA:1,0
DA:2,0
DA:4,0
DA:5,0
DA:15,0
LF:5
LH:0
BRF:0
BRH:0
end_of_record
TN:
SF:src/routes/notificationRoutes.js
FN:7,(anonymous_0)
FN:17,(anonymous_1)
FN:18,(anonymous_2)
FN:19,(anonymous_3)
FN:29,(anonymous_4)
FN:57,(anonymous_5)
FN:74,(anonymous_6)
FN:84,(anonymous_7)
FNF:8
FNH:0
FNDA:0,(anonymous_0)
FNDA:0,(anonymous_1)
FNDA:0,(anonymous_2)
FNDA:0,(anonymous_3)
FNDA:0,(anonymous_4)
FNDA:0,(anonymous_5)
FNDA:0,(anonymous_6)
FNDA:0,(anonymous_7)
DA:1,0
DA:2,0
DA:3,0
DA:4,0
DA:7,0
DA:8,0
DA:9,0
DA:13,0
DA:15,0
DA:17,0
DA:18,0
DA:19,0
DA:22,0
DA:24,0
DA:29,0
DA:30,0
DA:31,0
DA:34,0
DA:35,0
DA:41,0
DA:50,0
DA:52,0
DA:57,0
DA:58,0
DA:59,0
DA:65,0
DA:67,0
DA:69,0
DA:74,0
DA:75,0
DA:76,0
DA:77,0
DA:79,0
DA:84,0
DA:85,0
DA:86,0
DA:88,0
DA:89,0
DA:95,0
DA:102,0
DA:104,0
DA:108,0
LF:42
LH:0
BRDA:13,0,0,0
BRDA:13,0,1,0
BRDA:16,1,0,0
BRDA:16,1,1,0
BRDA:17,2,0,0
BRDA:17,2,1,0
BRDA:18,3,0,0
BRDA:18,3,1,0
BRDA:19,4,0,0
BRDA:19,4,1,0
BRDA:34,5,0,0
BRDA:34,5,1,0
BRDA:34,6,0,0
BRDA:34,6,1,0
BRDA:34,6,2,0
BRDA:47,7,0,0
BRDA:47,7,1,0
BRDA:65,8,0,0
BRDA:65,8,1,0
BRDA:67,9,0,0
BRDA:67,9,1,0
BRDA:88,10,0,0
BRDA:88,10,1,0
BRF:23
BRH:0
end_of_record
TN:
SF:src/services/emailService.js
FN:24,(anonymous_0)
FN:32,(anonymous_1)
FN:49,(anonymous_2)
FN:80,(anonymous_3)
FN:130,(anonymous_4)
FN:170,(anonymous_5)
FN:235,(anonymous_6)
FNF:7
FNH:5
FNDA:2,(anonymous_0)
FNDA:2,(anonymous_1)
FNDA:0,(anonymous_2)
FNDA:0,(anonymous_3)
FNDA:4,(anonymous_4)
FNDA:2,(anonymous_5)
FNDA:2,(anonymous_6)
DA:1,2
DA:2,2
DA:6,2
DA:8,2
DA:9,2
DA:12,2
DA:13,0
DA:14,0
DA:15,0
DA:17,2
DA:20,0
DA:25,2
DA:26,2
DA:27,2
DA:28,2
DA:33,2
DA:34,2
DA:40,2
DA:41,0
DA:43,2
DA:44,2
DA:50,0
DA:51,0
DA:56,0
DA:57,0
DA:60,0
DA:61,0
DA:64,0
DA:71,0
DA:72,0
DA:74,0
DA:75,0
DA:81,0
DA:82,0
DA:84,0
DA:86,0
DA:88,0
DA:96,0
DA:98,0
DA:106,0
DA:108,0
DA:116,0
DA:119,0
DA:120,0
DA:131,4
DA:166,4
DA:173,2
DA:174,2
DA:177,2
DA:188,0
DA:190,0
DA:191,0
DA:195,0
DA:203,0
DA:204,0
DA:205,0
DA:212,0
DA:213,0
DA:221,2
DA:223,2
DA:224,0
DA:227,2
DA:236,2
DA:245,2
LF:64
LH:26
BRDA:12,0,0,0
BRDA:12,0,1,2
BRDA:12,1,0,2
BRDA:12,1,1,2
BRDA:12,1,2,2
BRDA:27,2,0,2
BRDA:27,2,1,2
BRDA:28,3,0,2
BRDA:28,3,1,2
BRDA:40,4,0,2
BRDA:40,4,1,0
BRDA:49,5,0,0
BRDA:56,6,0,0
BRDA:56,6,1,0
BRDA:60,7,0,0
BRDA:60,7,1,0
BRDA:71,8,0,0
BRDA:71,8,1,0
BRDA:84,9,0,0
BRDA:84,9,1,0
BRDA:86,10,0,0
BRDA:86,10,1,0
BRDA:86,11,0,0
BRDA:86,11,1,0
BRDA:141,12,0,4
BRDA:141,12,1,3
BRDA:146,13,0,4
BRDA:146,13,1,3
BRDA:157,14,0,4
BRDA:157,14,1,3
BRDA:162,15,0,4
BRDA:162,15,1,3
BRDA:166,16,0,4
BRDA:166,16,1,2
BRDA:183,17,0,2
BRDA:183,17,1,1
BRDA:190,18,0,0
BRDA:190,18,1,0
BRDA:203,19,0,0
BRDA:203,19,1,0
BRDA:223,20,0,0
BRDA:223,20,1,2
BRF:42
BRH:22
end_of_record
TN:
SF:src/utils/supabase.js
FN:16,testConnection
FNF:1
FNH:1
FNDA:2,testConnection
DA:1,2
DA:3,2
DA:4,2
DA:6,2
DA:7,0
DA:10,2
DA:11,2
DA:13,2
DA:17,2
DA:18,2
DA:22,1
DA:23,1
DA:25,0
DA:28,0
DA:32,2
DA:34,2
LF:16
LH:13
BRDA:6,0,0,0
BRDA:6,0,1,2
BRDA:6,1,0,2
BRDA:6,1,1,2
BRDA:22,2,0,1
BRDA:22,2,1,0
BRF:6
BRH:4
end_of_record
